\BOOKMARK [1][-]{section.1}{\376\377\000I\000n\000t\000r\000o\000d\000u\000c\000t\000i\000o\000n}{}% 1
\BOOKMARK [2][-]{subsection.1.1}{\376\377\000T\000h\000e\000\040\000C\000o\000m\000p\000r\000e\000s\000s\000i\000o\000n\000\040\000P\000r\000o\000b\000l\000e\000m}{section.1}% 2
\BOOKMARK [2][-]{subsection.1.2}{\376\377\000C\000o\000n\000t\000r\000i\000b\000u\000t\000i\000o\000n\000s}{section.1}% 3
\BOOKMARK [1][-]{section.2}{\376\377\000T\000h\000e\000\040\000P\000e\000r\000m\000e\000a\000t\000o\000r\000\040\000A\000r\000c\000h\000i\000t\000e\000c\000t\000u\000r\000e}{}% 4
\BOOKMARK [2][-]{subsection.2.1}{\376\377\000P\000h\000a\000s\000e\000\040\0001\000:\000\040\000A\000b\000s\000o\000r\000p\000t\000i\000o\000n\040\024\000B\000u\000i\000l\000d\000i\000n\000g\000\040\000t\000h\000e\000\040\000W\000i\000s\000d\000o\000m\000\040\000L\000a\000y\000e\000r}{section.2}% 5
\BOOKMARK [2][-]{subsection.2.2}{\376\377\000P\000h\000a\000s\000e\000\040\0002\000:\000\040\000P\000e\000r\000m\000e\000a\000t\000i\000o\000n\040\024\000S\000e\000l\000e\000c\000t\000i\000v\000e\000\040\000W\000i\000s\000d\000o\000m\000\040\000F\000i\000l\000t\000e\000r\000i\000n\000g}{section.2}% 6
\BOOKMARK [2][-]{subsection.2.3}{\376\377\000P\000h\000a\000s\000e\000\040\0003\000:\000\040\000C\000o\000n\000d\000e\000n\000s\000a\000t\000i\000o\000n\040\024\000O\000u\000t\000p\000u\000t\000\040\000F\000o\000r\000m\000a\000t\000i\000o\000n}{section.2}% 7
\BOOKMARK [2][-]{subsection.2.4}{\376\377\000T\000h\000e\000\040\000C\000o\000m\000p\000l\000e\000t\000e\000\040\000P\000e\000r\000m\000e\000a\000t\000o\000r\000\040\000F\000o\000r\000w\000a\000r\000d\000\040\000P\000a\000s\000s}{section.2}% 8
\BOOKMARK [1][-]{section.3}{\376\377\000A\000r\000c\000h\000i\000t\000e\000c\000t\000u\000r\000a\000l\000\040\000F\000l\000o\000w\000c\000h\000a\000r\000t}{}% 9
\BOOKMARK [1][-]{section.4}{\376\377\000T\000h\000e\000\040\000S\000t\000r\000u\000c\000t\000u\000r\000a\000l\000\040\000A\000n\000a\000l\000o\000g\000y\000\040\000T\000e\000n\000s\000o\000r}{}% 10
\BOOKMARK [1][-]{section.5}{\376\377\000M\000a\000t\000h\000e\000m\000a\000t\000i\000c\000a\000l\000\040\000F\000r\000a\000m\000e\000w\000o\000r\000k}{}% 11
\BOOKMARK [2][-]{subsection.5.1}{\376\377\000S\000p\000a\000r\000s\000e\000\040\000M\000e\000m\000b\000r\000a\000n\000e\000/\000F\000i\000l\000t\000e\000r\000\040\000A\000c\000t\000i\000v\000a\000t\000i\000o\000n}{section.5}% 12
\BOOKMARK [2][-]{subsection.5.2}{\376\377\000T\000r\000a\000i\000n\000i\000n\000g\000\040\000O\000b\000j\000e\000c\000t\000i\000v\000e}{section.5}% 13
\BOOKMARK [1][-]{section.6}{\376\377\000W\000i\000s\000d\000o\000m\000\040\000L\000a\000y\000e\000r\000\040\000C\000a\000p\000a\000c\000i\000t\000y\000\040\000B\000o\000u\000n\000d\000s}{}% 14
\BOOKMARK [1][-]{section.7}{\376\377\000T\000h\000e\000\040\000P\000e\000r\000m\000e\000a\000t\000o\000r\000\040\000P\000a\000t\000h\000\040\000t\000o\000\040\000A\000G\000I}{}% 15
\BOOKMARK [2][-]{subsection.7.1}{\376\377\000P\000r\000o\000p\000e\000r\000t\000y\000\040\0001\000:\000\040\000D\000o\000m\000a\000i\000n\000-\000A\000g\000n\000o\000s\000t\000i\000c\000\040\000W\000i\000s\000d\000o\000m\000\040\000S\000t\000o\000r\000a\000g\000e}{section.7}% 16
\BOOKMARK [2][-]{subsection.7.2}{\376\377\000P\000r\000o\000p\000e\000r\000t\000y\000\040\0002\000:\000\040\000Q\000u\000e\000r\000y\000-\000D\000r\000i\000v\000e\000n\000\040\000D\000y\000n\000a\000m\000i\000c\000\040\000S\000p\000e\000c\000i\000a\000l\000i\000z\000a\000t\000i\000o\000n}{section.7}% 17
\BOOKMARK [2][-]{subsection.7.3}{\376\377\000P\000r\000o\000p\000e\000r\000t\000y\000\040\0003\000:\000\040\000S\000t\000r\000u\000c\000t\000u\000r\000a\000l\000\040\000T\000r\000a\000n\000s\000f\000e\000r\000\040\000W\000i\000t\000h\000o\000u\000t\000\040\000E\000x\000p\000l\000i\000c\000i\000t\000\040\000T\000r\000a\000i\000n\000i\000n\000g}{section.7}% 18
\BOOKMARK [2][-]{subsection.7.4}{\376\377\000A\000G\000I\000\040\000C\000a\000p\000a\000b\000i\000l\000i\000t\000y\000\040\000M\000a\000p\000p\000i\000n\000g}{section.7}% 19
\BOOKMARK [1][-]{section.8}{\376\377\000W\000i\000s\000d\000o\000m\000\040\000C\000a\000p\000a\000c\000i\000t\000y\000,\000\040\000S\000c\000a\000l\000a\000b\000i\000l\000i\000t\000y\000,\000\040\000a\000n\000d\000\040\000S\000t\000r\000u\000c\000t\000u\000r\000a\000l\000\040\000R\000e\000u\000s\000e}{}% 20
\BOOKMARK [2][-]{subsection.8.1}{\376\377\000T\000h\000e\000\040\000C\000o\000r\000e\000\040\000A\000r\000g\000u\000m\000e\000n\000t\000:\000\040\000S\000t\000r\000u\000c\000t\000u\000r\000a\000l\000\040\000P\000a\000t\000t\000e\000r\000n\000s\000,\000\040\000N\000o\000t\000\040\000R\000a\000w\000\040\000D\000a\000t\000a}{section.8}% 21
\BOOKMARK [2][-]{subsection.8.2}{\376\377\000S\000u\000b\000l\000i\000n\000e\000a\000r\000\040\000G\000r\000o\000w\000t\000h\000\040\000a\000n\000d\000\040\000S\000a\000t\000u\000r\000a\000t\000i\000o\000n}{section.8}% 22
\BOOKMARK [2][-]{subsection.8.3}{\376\377\000C\000r\000o\000s\000s\000-\000D\000o\000m\000a\000i\000n\000\040\000R\000e\000u\000s\000e\000\040\000R\000a\000t\000i\000o}{section.8}% 23
\BOOKMARK [2][-]{subsection.8.4}{\376\377\000T\000h\000e\000\040\000B\000r\000a\000i\000n\000\040\000A\000n\000a\000l\000o\000g\000y}{section.8}% 24
\BOOKMARK [2][-]{subsection.8.5}{\376\377\000W\000h\000y\000\040\000P\000e\000r\000m\000e\000a\000t\000o\000r\000\040\000I\000s\000\040\000N\000o\000t\000\040\000`\000`\000A\000\040\000C\000o\000p\000y\000\040\000o\000f\000\040\000t\000h\000e\000\040\000I\000n\000t\000e\000r\000n\000e\000t\000'\000'}{section.8}% 25
\BOOKMARK [2][-]{subsection.8.6}{\376\377\000E\000m\000p\000i\000r\000i\000c\000a\000l\000\040\000M\000e\000a\000s\000u\000r\000e\000m\000e\000n\000t}{section.8}% 26
\BOOKMARK [2][-]{subsection.8.7}{\376\377\000P\000r\000a\000c\000t\000i\000c\000a\000l\000\040\000I\000m\000p\000l\000i\000c\000a\000t\000i\000o\000n\000s}{section.8}% 27
\BOOKMARK [2][-]{subsection.8.8}{\376\377\000E\000f\000f\000i\000c\000i\000e\000n\000c\000y\000\040\000C\000r\000o\000s\000s\000o\000v\000e\000r\000:\000\040\000F\000r\000o\000m\000\040\000C\000o\000l\000d\000\040\000S\000t\000a\000r\000t\000\040\000t\000o\000\040\000I\000n\000t\000e\000r\000n\000e\000t\000\040\000S\000c\000a\000l\000e}{section.8}% 28
\BOOKMARK [3][-]{subsubsection.8.8.1}{\376\377\000C\000o\000l\000d\000\040\000S\000t\000a\000r\000t\000\040\000I\000n\000e\000f\000f\000i\000c\000i\000e\000n\000c\000y}{subsection.8.8}% 29
\BOOKMARK [3][-]{subsubsection.8.8.2}{\376\377\000T\000h\000e\000\040\000E\000f\000f\000i\000c\000i\000e\000n\000c\000y\000\040\000C\000r\000o\000s\000s\000o\000v\000e\000r\000\040\000P\000o\000i\000n\000t}{subsection.8.8}% 30
\BOOKMARK [3][-]{subsubsection.8.8.3}{\376\377\000I\000n\000t\000e\000r\000n\000e\000t\000-\000S\000c\000a\000l\000e\000\040\000A\000r\000g\000u\000m\000e\000n\000t}{subsection.8.8}% 31
\BOOKMARK [3][-]{subsubsection.8.8.4}{\376\377\000C\000o\000m\000p\000a\000r\000i\000s\000o\000n\000\040\000w\000i\000t\000h\000\040\000M\000o\000n\000o\000l\000i\000t\000h\000i\000c\000\040\000L\000a\000r\000g\000e\000\040\000L\000a\000n\000g\000u\000a\000g\000e\000\040\000M\000o\000d\000e\000l\000s}{subsection.8.8}% 32
\BOOKMARK [1][-]{section.9}{\376\377\000R\000e\000f\000e\000r\000e\000n\000c\000e\000\040\000I\000m\000p\000l\000e\000m\000e\000n\000t\000a\000t\000i\000o\000n}{}% 33
\BOOKMARK [2][-]{subsection.9.1}{\376\377\000I\000m\000p\000l\000e\000m\000e\000n\000t\000a\000t\000i\000o\000n\000\040\000C\000o\000n\000f\000i\000g\000u\000r\000a\000t\000i\000o\000n}{section.9}% 34
\BOOKMARK [2][-]{subsection.9.2}{\376\377\000D\000o\000m\000a\000i\000n\000\040\000D\000a\000t\000a\000\040\000S\000o\000u\000r\000c\000e\000s}{section.9}% 35
\BOOKMARK [2][-]{subsection.9.3}{\376\377\000D\000o\000m\000a\000i\000n\000\040\000A\000b\000s\000o\000r\000b\000e\000r\000s}{section.9}% 36
\BOOKMARK [2][-]{subsection.9.4}{\376\377\000W\000i\000s\000d\000o\000m\000\040\000L\000a\000y\000e\000r\000\040\000I\000m\000p\000l\000e\000m\000e\000n\000t\000a\000t\000i\000o\000n}{section.9}% 37
\BOOKMARK [2][-]{subsection.9.5}{\376\377\000M\000e\000m\000b\000r\000a\000n\000e\000\040\000/\000\040\000F\000i\000l\000t\000e\000r\000\040\000I\000m\000p\000l\000e\000m\000e\000n\000t\000a\000t\000i\000o\000n}{section.9}% 38
\BOOKMARK [1][-]{section.10}{\376\377\000T\000r\000a\000i\000n\000i\000n\000g\000\040\000A\000l\000g\000o\000r\000i\000t\000h\000m}{}% 39
\BOOKMARK [1][-]{section.11}{\376\377\000D\000a\000t\000a\000\040\000P\000i\000p\000e\000l\000i\000n\000e\000\040\000F\000l\000o\000w\000c\000h\000a\000r\000t}{}% 40
\BOOKMARK [1][-]{section.12}{\376\377\000M\000e\000m\000b\000r\000a\000n\000e\000\040\000/\000\040\000F\000i\000l\000t\000e\000r\000\040\000A\000n\000a\000l\000y\000s\000i\000s\000\040\000M\000e\000t\000h\000o\000d\000o\000l\000o\000g\000y}{}% 41
\BOOKMARK [1][-]{section.13}{\376\377\000T\000h\000e\000\040\000D\000e\000l\000i\000b\000e\000r\000a\000t\000e\000\040\000T\000r\000a\000d\000e\000-\000O\000f\000f}{}% 42
\BOOKMARK [1][-]{section.14}{\376\377\000R\000e\000l\000a\000t\000i\000o\000n\000s\000h\000i\000p\000\040\000t\000o\000\040\000E\000x\000i\000s\000t\000i\000n\000g\000\040\000W\000o\000r\000k}{}% 43
\BOOKMARK [1][-]{section.15}{\376\377\000O\000p\000e\000n\000\040\000C\000h\000a\000l\000l\000e\000n\000g\000e\000s\000\040\000a\000n\000d\000\040\000F\000u\000t\000u\000r\000e\000\040\000D\000i\000r\000e\000c\000t\000i\000o\000n\000s}{}% 44
\BOOKMARK [2][-]{subsection.15.1}{\376\377\000O\000p\000e\000n\000\040\000C\000h\000a\000l\000l\000e\000n\000g\000e\000s}{section.15}% 45
\BOOKMARK [2][-]{subsection.15.2}{\376\377\000F\000u\000t\000u\000r\000e\000\040\000D\000i\000r\000e\000c\000t\000i\000o\000n\000s}{section.15}% 46
\BOOKMARK [1][-]{section.16}{\376\377\000W\000h\000y\000\040\000T\000h\000i\000s\000\040\000M\000a\000t\000t\000e\000r\000s\000\040\000f\000o\000r\000\040\000A\000G\000I}{}% 47
\BOOKMARK [1][-]{section.17}{\376\377\000C\000o\000n\000c\000l\000u\000s\000i\000o\000n}{}% 48
